<?xml version="1.0" encoding="UTF-8"?>
<testng-results ignored="0" total="2" passed="2" failed="0" skipped="0">
  <reporter-output>
  </reporter-output>
  <suite started-at="2024-04-21T17:21:24 CEST" name="Smoky" finished-at="2024-04-21T17:21:40 CEST" duration-ms="16156">
    <groups>
    </groups>
    <test started-at="2024-04-21T17:21:24 CEST" name="Smoky" finished-at="2024-04-21T17:21:40 CEST" duration-ms="16156">
      <class name="com.heroku.tests.FramesPageTest">
        <test-method is-config="true" signature="init()[pri:0, instance:com.heroku.tests.FramesPageTest@e7edb54]" started-at="2024-04-21T17:21:24 CEST" name="init" finished-at="2024-04-21T17:21:31 CEST" duration-ms="7296" status="PASS">
          <reporter-output>
          </reporter-output>
        </test-method> <!-- init -->
        <test-method is-config="true" signature="precondition()[pri:0, instance:com.heroku.tests.FramesPageTest@e7edb54]" started-at="2024-04-21T17:21:31 CEST" name="precondition" finished-at="2024-04-21T17:21:31 CEST" duration-ms="340" status="PASS">
          <reporter-output>
          </reporter-output>
        </test-method> <!-- precondition -->
        <test-method signature="clickFramePage()[pri:0, instance:com.heroku.tests.FramesPageTest@e7edb54]" started-at="2024-04-21T17:21:31 CEST" name="clickFramePage" finished-at="2024-04-21T17:21:31 CEST" duration-ms="3" status="PASS">
          <reporter-output>
          </reporter-output>
        </test-method> <!-- clickFramePage -->
        <test-method is-config="true" signature="tearDown()[pri:0, instance:com.heroku.tests.FramesPageTest@e7edb54]" started-at="2024-04-21T17:21:31 CEST" name="tearDown" finished-at="2024-04-21T17:21:32 CEST" duration-ms="185" status="PASS">
          <reporter-output>
          </reporter-output>
        </test-method> <!-- tearDown -->
      </class> <!-- com.heroku.tests.FramesPageTest -->
      <class name="com.heroku.tests.BrokenImagesTest">
        <test-method is-config="true" signature="init()[pri:0, instance:com.heroku.tests.BrokenImagesTest@25084a1e]" started-at="2024-04-21T17:21:32 CEST" name="init" finished-at="2024-04-21T17:21:36 CEST" duration-ms="3859" status="PASS">
          <reporter-output>
          </reporter-output>
        </test-method> <!-- init -->
        <test-method is-config="true" signature="precondition()[pri:0, instance:com.heroku.tests.BrokenImagesTest@25084a1e]" started-at="2024-04-21T17:21:36 CEST" name="precondition" finished-at="2024-04-21T17:21:36 CEST" duration-ms="594" status="PASS">
          <reporter-output>
          </reporter-output>
        </test-method> <!-- precondition -->
        <test-method signature="checkBrokenImagesTest()[pri:0, instance:com.heroku.tests.BrokenImagesTest@25084a1e]" started-at="2024-04-21T17:21:36 CEST" name="checkBrokenImagesTest" finished-at="2024-04-21T17:21:40 CEST" duration-ms="3594" status="PASS">
          <reporter-output>
          </reporter-output>
        </test-method> <!-- checkBrokenImagesTest -->
        <test-method is-config="true" signature="tearDown()[pri:0, instance:com.heroku.tests.BrokenImagesTest@25084a1e]" started-at="2024-04-21T17:21:40 CEST" name="tearDown" finished-at="2024-04-21T17:21:40 CEST" duration-ms="230" status="PASS">
          <reporter-output>
          </reporter-output>
        </test-method> <!-- tearDown -->
      </class> <!-- com.heroku.tests.BrokenImagesTest -->
    </test> <!-- Smoky -->
  </suite> <!-- Smoky -->
</testng-results>
