<?xml version="1.0" encoding="UTF-8"?>
<testsuite xmlns:xsi="http://www.w3.org/2001/XMLSchema-instance" xsi:noNamespaceSchemaLocation="https://maven.apache.org/surefire/maven-surefire-plugin/xsd/surefire-test-report.xsd" name="TestSuite" time="17.197" tests="2" errors="0" skipped="0" failures="0">
  <properties>
[...]
</properties>
  <testcase name="clickFramePage" classname="com.heroku.tests.FramesPageTest" time="0.008"/>
  <testcase name="checkBrokenImagesTest" classname="com.heroku.tests.BrokenImagesTest" time="3.594"/>
</testsuite>